<?xml version="1.0" encoding="UTF-8"?>
<testng-results skipped="0" failed="0" ignored="0" total="1" passed="1">
  <reporter-output>
  </reporter-output>
  <suite name="Default suite" duration-ms="9153" started-at="2021-09-25T03:53:02Z" finished-at="2021-09-25T03:53:11Z">
    <groups>
    </groups>
    <test name="Default test" duration-ms="9153" started-at="2021-09-25T03:53:02Z" finished-at="2021-09-25T03:53:11Z">
      <class name="com.starlite.test.smoke.TestSample">
        <test-method status="PASS" signature="preCondition()[pri:0, instance:com.starlite.test.smoke.TestSample@62ee68d8]" name="preCondition" is-config="true" duration-ms="7884" started-at="2021-09-25T09:23:02Z" finished-at="2021-09-25T09:23:10Z">
          <reporter-output>
          </reporter-output>
        </test-method> <!-- preCondition -->
        <test-method status="PASS" signature="testSample()[pri:0, instance:com.starlite.test.smoke.TestSample@62ee68d8]" name="testSample" duration-ms="330" started-at="2021-09-25T09:23:10Z" finished-at="2021-09-25T09:23:10Z">
          <reporter-output>
          </reporter-output>
        </test-method> <!-- testSample -->
        <test-method status="PASS" signature="postCondition()[pri:0, instance:com.starlite.test.smoke.TestSample@62ee68d8]" name="postCondition" is-config="true" duration-ms="905" started-at="2021-09-25T09:23:10Z" finished-at="2021-09-25T09:23:11Z">
          <reporter-output>
          </reporter-output>
        </test-method> <!-- postCondition -->
      </class> <!-- com.starlite.test.smoke.TestSample -->
    </test> <!-- Default test -->
  </suite> <!-- Default suite -->
</testng-results>
